Arguments: 
  C:\Program Files\nodejs\node.exe C:\Users\Administrator\AppData\Roaming\npm\node_modules\yarn\bin\yarn.js

PATH: 
  C:\Program Files\Git\mingw64\bin;C:\Program Files\Git\usr\bin;C:\Users\Administrator\bin;C:\windows\system32;C:\windows;C:\windows\System32\Wbem;C:\windows\System32\WindowsPowerShell\v1.0;C:\Program Files\nodejs;C:\Program Files\Git\cmd;C:\Users\Administrator\AppData\Local\Microsoft\WindowsApps;C:\Users\Administrator\AppData\Local\Programs\Microsoft VS Code\bin;C:\Users\Administrator\AppData\Roaming\npm

Yarn version: 
  1.21.0

Node version: 
  12.13.1

Platform: 
  win32 x64

Trace: 
  SyntaxError: C:\Users\Administrator\Desktop\vue-skeleton\package.json: Unexpected token / in JSON at position 561
      at JSON.parse (<anonymous>)
      at C:\Users\Administrator\AppData\Roaming\npm\node_modules\yarn\lib\cli.js:1625:59
      at Generator.next (<anonymous>)
      at step (C:\Users\Administrator\AppData\Roaming\npm\node_modules\yarn\lib\cli.js:304:30)
      at C:\Users\Administrator\AppData\Roaming\npm\node_modules\yarn\lib\cli.js:315:13

npm manifest: 
  {
    "name": "vue-skeleton",
    "version": "1.0.0",
    "description": "",
    "main": "index.js",
    "scripts": {
      "test": "echo \"Error: no test specified\" && exit 1",
      "dev": "cross-env NODE_ENV=development webpack-dev-server --config ./build/webpack.config.client.js",
      "build": "cross-env NODE_ENV=development webpack --config ./build/webpack.config.server.js"
    },
    "author": "",
    "license": "ISC",
    "devDependencies": {
      "autoprefixer": "^8.5.0",
      "cross-env": "^5.1.5",
      "css-loader": "^0.28.11",
      "html-webpack-plugin": "^3.2.0",
      // "node-sass": "4.9.0",
      "postcss-loader": "^2.1.5",
      // "sass-loader": "^7.0.1",
      "style-loader": "^0.21.0",
      "vue-loader": "^15.0.11",
      "vue-style-loader": "^4.1.0",
      "vue-template-compiler": "^2.5.16",
      "webpack": "^4.8.3",
      "webpack-cli": "^3.1.1",
      "webpack-dev-server": "^3.1.4"
    },
    "dependencies": {
      "vue": "^2.5.16",
      "vue-server-renderer": "^2.5.16"
    }
  }

yarn manifest: 
  No manifest

Lockfile: 
  No lockfile
